have_header: checking for vm_core.h... -------------------- no

"gcc -o conftest -I/home/hiro/.rbenv/versions/2.3.1/include/ruby-2.3.0/x86_64-linux -I/home/hiro/.rbenv/versions/2.3.1/include/ruby-2.3.0/ruby/backward -I/home/hiro/.rbenv/versions/2.3.1/include/ruby-2.3.0 -I. -I/home/hiro/.rbenv/sources/2.3.1/ruby-2.3.1 -I/home/hiro/.rbenv/versions/2.3.1/include     -O3 -fno-fast-math -ggdb3 -Wall -Wextra -Wno-unused-parameter -Wno-parentheses -Wno-long-long -Wno-missing-field-initializers -Wunused-variable -Wpointer-arith -Wwrite-strings -Wdeclaration-after-statement -Wimplicit-function-declaration -Wdeprecated-declarations -Wno-packed-bitfield-compat conftest.c  -L. -L/home/hiro/.rbenv/versions/2.3.1/lib -Wl,-R/home/hiro/.rbenv/versions/2.3.1/lib -L. -L/home/hiro/.rbenv/versions/2.3.1/lib  -fstack-protector -rdynamic -Wl,-export-dynamic     -Wl,-R/home/hiro/.rbenv/versions/2.3.1/lib -L/home/hiro/.rbenv/versions/2.3.1/lib -lruby-static  -lpthread -ldl -lcrypt -lm   -lc"
checked program was:
/* begin */
1: #include "ruby.h"
2: 
3: int main(int argc, char **argv)
4: {
5:   return 0;
6: }
/* end */

"gcc -E -I/home/hiro/.rbenv/versions/2.3.1/include/ruby-2.3.0/x86_64-linux -I/home/hiro/.rbenv/versions/2.3.1/include/ruby-2.3.0/ruby/backward -I/home/hiro/.rbenv/versions/2.3.1/include/ruby-2.3.0 -I. -I/home/hiro/.rbenv/sources/2.3.1/ruby-2.3.1 -I/home/hiro/.rbenv/versions/2.3.1/include     -O3 -fno-fast-math -ggdb3 -Wall -Wextra -Wno-unused-parameter -Wno-parentheses -Wno-long-long -Wno-missing-field-initializers -Wunused-variable -Wpointer-arith -Wwrite-strings -Wdeclaration-after-statement -Wimplicit-function-declaration -Wdeprecated-declarations -Wno-packed-bitfield-compat  conftest.c -o conftest.i"
conftest.c:3:21: fatal error: vm_core.h: そのようなファイルやディレクトリはありません
 #include <vm_core.h>
                     ^
compilation terminated.
checked program was:
/* begin */
1: #include "ruby.h"
2: 
3: #include <vm_core.h>
/* end */

--------------------

have_header: checking for vm_core.h... -------------------- no

"gcc -E -I/home/hiro/.rbenv/versions/2.3.1/include/ruby-2.3.0/x86_64-linux -I/home/hiro/.rbenv/versions/2.3.1/include/ruby-2.3.0/ruby/backward -I/home/hiro/.rbenv/versions/2.3.1/include/ruby-2.3.0 -I. -I/home/hiro/.rbenv/versions/2.3.1/include/ruby-2.3.0/ruby-2.3.1-p112  -O3 -fno-fast-math -ggdb3 -Wall -Wextra -Wno-unused-parameter -Wno-parentheses -Wno-long-long -Wno-missing-field-initializers -Wunused-variable -Wpointer-arith -Wwrite-strings -Wdeclaration-after-statement -Wimplicit-function-declaration -Wdeprecated-declarations -Wno-packed-bitfield-compat  conftest.c -o conftest.i"
conftest.c:3:21: fatal error: vm_core.h: そのようなファイルやディレクトリはありません
 #include <vm_core.h>
                     ^
compilation terminated.
checked program was:
/* begin */
1: #include "ruby.h"
2: 
3: #include <vm_core.h>
/* end */

--------------------

have_header: checking for vm_core.h... -------------------- yes

"gcc -E -I/home/hiro/.rbenv/versions/2.3.1/include/ruby-2.3.0/x86_64-linux -I/home/hiro/.rbenv/versions/2.3.1/include/ruby-2.3.0/ruby/backward -I/home/hiro/.rbenv/versions/2.3.1/include/ruby-2.3.0 -I. -I/home/hiro/work/farm2/vendor/bundler/ruby/2.3.0/gems/debase-ruby_core_source-0.9.0/lib/debase/ruby_core_source/ruby-2.3.1-p112  -O3 -fno-fast-math -ggdb3 -Wall -Wextra -Wno-unused-parameter -Wno-parentheses -Wno-long-long -Wno-missing-field-initializers -Wunused-variable -Wpointer-arith -Wwrite-strings -Wdeclaration-after-statement -Wimplicit-function-declaration -Wdeprecated-declarations -Wno-packed-bitfield-compat  conftest.c -o conftest.i"
checked program was:
/* begin */
1: #include "ruby.h"
2: 
3: #include <vm_core.h>
/* end */

--------------------

